<?xml version="1.0" encoding="UTF-8"?>
<testsuite xmlns:xsi="http://www.w3.org/2001/XMLSchema-instance" xsi:noNamespaceSchemaLocation="https://maven.apache.org/surefire/maven-surefire-plugin/xsd/surefire-test-report-3.0.xsd" version="3.0" name="WeightedAverageCalculatorTest" time="0.951" tests="5" errors="0" skipped="0" failures="0">
  <properties>
[...]
</properties>
  <testcase name="calculateWeightedAverageWithInts_withIntegerValuesAndWeights_worksCorrectly" classname="WeightedAverageCalculatorTest" time="0.041"/>
  <testcase name="calculateWeightedAverage_negativeWeights_throwsException" classname="WeightedAverageCalculatorTest" time="0.005"/>
  <testcase name="calculateWeightedAverage_nullLists_throwsException" classname="WeightedAverageCalculatorTest" time="0.002"/>
  <testcase name="calculateWeightedAverage_differentSizeLists_throwsException" classname="WeightedAverageCalculatorTest" time="0.028"/>
  <testcase name="calculateWeightedAverage_basicCase_returnsCorrectValue" classname="WeightedAverageCalculatorTest" time="0.001"/>
  <testcase name="calculateWeightedAverageWithIntValues_withIntegerValues_worksCorrectly" classname="WeightedAverageCalculatorTest" time="0.004"/>
  <testcase name="calculateWeightedAverage_withInfiniteValues_throwsException" classname="WeightedAverageCalculatorTest" time="0.001"/>
  <testcase name="calculateWeightedAverage_singleElement_returnsTheValue" classname="WeightedAverageCalculatorTest" time="0.003"/>
  <testcase name="calculateWeightedAverage_equalWeights_returnsRegularAverage" classname="WeightedAverageCalculatorTest" time="0.002"/>
  <testcase name="calculateWeightedAverage_emptyLists_throwsException" classname="WeightedAverageCalculatorTest" time="0.002"/>
  <testcase name="calculateWeightedAverageWithIntWeights_withIntegerWeights_worksCorrectly" classname="WeightedAverageCalculatorTest" time="0.002"/>
  <testcase name="calculateWeightedAverage_withNaNValues_throwsException" classname="WeightedAverageCalculatorTest" time="0.002"/>
  <testcase name="calculateWeightedAverage_zeroWeights_throwsException" classname="WeightedAverageCalculatorTest" time="0.002"/>
  <testcase name="singleElementListReturnsThatElement" classname="WeightedAverageCalculatorTest" time="0.52">
    <system-out><![CDATA[timestamp = 2025-10-02T23:00:56.331083048, WeightedAverageCalculatorTest:singleElementListReturnsThatElement = 
                              |-----------------------jqwik-----------------------
tries = 100                   | # of calls to property
checks = 100                  | # of not rejected calls
generation = RANDOMIZED       | parameters are randomly generated
after-failure = SAMPLE_FIRST  | try previously failed sample, then previous seed
when-fixed-seed = ALLOW       | fixing the random seed is allowed
edge-cases#mode = MIXIN       | edge cases are mixed in
edge-cases#total = 21         | # of all combined edge cases
edge-cases#tried = 20         | # of edge cases tried in current run
seed = -2032661538793085449   | random seed to reproduce generated values


]]></system-out>
  </testcase>
  <testcase name="scalingWeightsDoesNotChangeResult" classname="WeightedAverageCalculatorTest" time="0.162">
    <system-out><![CDATA[timestamp = 2025-10-02T23:00:56.506576916, WeightedAverageCalculatorTest:scalingWeightsDoesNotChangeResult = 
                              |-----------------------jqwik-----------------------
tries = 100                   | # of calls to property
checks = 100                  | # of not rejected calls
generation = RANDOMIZED       | parameters are randomly generated
after-failure = SAMPLE_FIRST  | try previously failed sample, then previous seed
when-fixed-seed = ALLOW       | fixing the random seed is allowed
edge-cases#mode = MIXIN       | edge cases are mixed in
edge-cases#total = 63         | # of all combined edge cases
edge-cases#tried = 17         | # of edge cases tried in current run
seed = 2009569730466671276    | random seed to reproduce generated values


]]></system-out>
  </testcase>
  <testcase name="weightedAverageWithEqualWeightsEqualsRegularAverage" classname="WeightedAverageCalculatorTest" time="0.068">
    <system-out><![CDATA[timestamp = 2025-10-02T23:00:56.577816831, WeightedAverageCalculatorTest:weightedAverageWithEqualWeightsEqualsRegularAverage = 
                              |-----------------------jqwik-----------------------
tries = 100                   | # of calls to property
checks = 100                  | # of not rejected calls
generation = RANDOMIZED       | parameters are randomly generated
after-failure = SAMPLE_FIRST  | try previously failed sample, then previous seed
when-fixed-seed = ALLOW       | fixing the random seed is allowed
edge-cases#mode = MIXIN       | edge cases are mixed in
edge-cases#total = 7          | # of all combined edge cases
edge-cases#tried = 7          | # of edge cases tried in current run
seed = 6166979389482256881    | random seed to reproduce generated values


]]></system-out>
  </testcase>
  <testcase name="weightedAverageRespectsWeightImportance" classname="WeightedAverageCalculatorTest" time="0.077">
    <system-out><![CDATA[timestamp = 2025-10-02T23:00:56.657031850, WeightedAverageCalculatorTest:weightedAverageRespectsWeightImportance = 
                              |-----------------------jqwik-----------------------
tries = 100                   | # of calls to property
checks = 100                  | # of not rejected calls
generation = RANDOMIZED       | parameters are randomly generated
after-failure = SAMPLE_FIRST  | try previously failed sample, then previous seed
when-fixed-seed = ALLOW       | fixing the random seed is allowed
edge-cases#mode = MIXIN       | edge cases are mixed in
edge-cases#total = 21         | # of all combined edge cases
edge-cases#tried = 13         | # of edge cases tried in current run
seed = 5365452611949963875    | random seed to reproduce generated values


]]></system-out>
  </testcase>
  <testcase name="weightedAverageShouldBeBetweenMinAndMax" classname="WeightedAverageCalculatorTest" time="0.072">
    <system-out><![CDATA[timestamp = 2025-10-02T23:00:56.729385942, WeightedAverageCalculatorTest:weightedAverageShouldBeBetweenMinAndMax = 
                              |-----------------------jqwik-----------------------
tries = 100                   | # of calls to property
checks = 100                  | # of not rejected calls
generation = RANDOMIZED       | parameters are randomly generated
after-failure = SAMPLE_FIRST  | try previously failed sample, then previous seed
when-fixed-seed = ALLOW       | fixing the random seed is allowed
edge-cases#mode = MIXIN       | edge cases are mixed in
edge-cases#total = 21         | # of all combined edge cases
edge-cases#tried = 14         | # of edge cases tried in current run
seed = -3258299171743020978   | random seed to reproduce generated values


]]></system-out>
  </testcase>
</testsuite>